The system is: Windows - 10.0.18362 - AMD64
Compiling the CXX compiler identification source file "CMakeCXXCompilerId.cpp" succeeded.
Compiler: F:/Visual Studio/VC/Tools/MSVC/14.23.28105/bin/HostX64/x64/cl.exe 
Build flags: 
Id flags:  

The output was:
0
用于 x64 的 Microsoft (R) C/C++ 优化编译器 19.23.28106.4 版
版权所有(C) Microsoft Corporation。保留所有权利。

CMakeCXXCompilerId.cpp
Microsoft (R) Incremental Linker Version 14.23.28106.4
Copyright (C) Microsoft Corporation.  All rights reserved.

/out:CMakeCXXCompilerId.exe 
CMakeCXXCompilerId.obj 


Compilation of the CXX compiler identification source "CMakeCXXCompilerId.cpp" produced "CMakeCXXCompilerId.exe"

Compilation of the CXX compiler identification source "CMakeCXXCompilerId.cpp" produced "CMakeCXXCompilerId.obj"

The CXX compiler identification is MSVC, found in "D:/GroupProject/cmake/out/build/x64-Debug/CMakeFiles/3.15.19080502-MSVC_2/CompilerIdCXX/CMakeCXXCompilerId.exe"

Determining if the CXX compiler works passed with the following output:
Change Dir: D:/GroupProject/cmake/out/build/x64-Debug/CMakeFiles/CMakeTmp

Run Build Command(s):F:/Visual Studio/Common7/IDE/CommonExtensions/Microsoft/CMake/Ninja/ninja.exe cmTC_24db2 && [1/2] Building CXX object CMakeFiles\cmTC_24db2.dir\testCXXCompiler.cxx.obj
[2/2] Linking CXX executable cmTC_24db2.exe



Detecting CXX compiler ABI info compiled with the following output:
Change Dir: D:/GroupProject/cmake/out/build/x64-Debug/CMakeFiles/CMakeTmp

Run Build Command(s):F:/Visual Studio/Common7/IDE/CommonExtensions/Microsoft/CMake/Ninja/ninja.exe cmTC_d4deb && [1/2] Building CXX object CMakeFiles\cmTC_d4deb.dir\CMakeCXXCompilerABI.cpp.obj
[2/2] Linking CXX executable cmTC_d4deb.exe



Compiling the C compiler identification source file "CMakeCCompilerId.c" succeeded.
Compiler: F:/Visual Studio/VC/Tools/MSVC/14.23.28105/bin/HostX64/x64/cl.exe 
Build flags: 
Id flags:  

The output was:
0
用于 x64 的 Microsoft (R) C/C++ 优化编译器 19.23.28106.4 版
版权所有(C) Microsoft Corporation。保留所有权利。

CMakeCCompilerId.c
Microsoft (R) Incremental Linker Version 14.23.28106.4
Copyright (C) Microsoft Corporation.  All rights reserved.

/out:CMakeCCompilerId.exe 
CMakeCCompilerId.obj 


Compilation of the C compiler identification source "CMakeCCompilerId.c" produced "CMakeCCompilerId.exe"

Compilation of the C compiler identification source "CMakeCCompilerId.c" produced "CMakeCCompilerId.obj"

The C compiler identification is MSVC, found in "D:/GroupProject/cmake/out/build/x64-Debug/CMakeFiles/3.15.19080502-MSVC_2/CompilerIdC/CMakeCCompilerId.exe"

Determining if the C compiler works passed with the following output:
Change Dir: D:/GroupProject/cmake/out/build/x64-Debug/CMakeFiles/CMakeTmp

Run Build Command(s):F:/Visual Studio/Common7/IDE/CommonExtensions/Microsoft/CMake/Ninja/ninja.exe cmTC_71905 && [1/2] Building C object CMakeFiles\cmTC_71905.dir\testCCompiler.c.obj
[2/2] Linking C executable cmTC_71905.exe



Detecting C compiler ABI info compiled with the following output:
Change Dir: D:/GroupProject/cmake/out/build/x64-Debug/CMakeFiles/CMakeTmp

Run Build Command(s):F:/Visual Studio/Common7/IDE/CommonExtensions/Microsoft/CMake/Ninja/ninja.exe cmTC_48879 && [1/2] Building C object CMakeFiles\cmTC_48879.dir\CMakeCCompilerABI.c.obj
[2/2] Linking C executable cmTC_48879.exe



Determining if the include file omp.h exists passed with the following output:
Change Dir: D:/GroupProject/cmake/out/build/x64-Debug/CMakeFiles/CMakeTmp

Run Build Command(s):F:/Visual Studio/Common7/IDE/CommonExtensions/Microsoft/CMake/Ninja/ninja.exe cmTC_14425 && [1/2] Building CXX object CMakeFiles\cmTC_14425.dir\CheckIncludeFile.cxx.obj
[2/2] Linking CXX executable cmTC_14425.exe



Determining if the include file cmath exists passed with the following output:
Change Dir: D:/GroupProject/cmake/out/build/x64-Debug/CMakeFiles/CMakeTmp

Run Build Command(s):F:/Visual Studio/Common7/IDE/CommonExtensions/Microsoft/CMake/Ninja/ninja.exe cmTC_e6ec5 && [1/2] Building CXX object CMakeFiles\cmTC_e6ec5.dir\CheckIncludeFile.cxx.obj
[2/2] Linking CXX executable cmTC_e6ec5.exe



